<?xml version="1.0" encoding="UTF-8"?>
<!-- Generated by org.testng.reporters.JUnitXMLReporter -->
<testsuite hostname="SYS141" name="Default test" tests="4" failures="0" timestamp="4 Nov 2016 07:18:04 GMT" time="76.802" errors="0">
  <testcase name="TC_001_Login" time="18.456" classname="testcases.TestSuiteOne"/>
  <testcase name="TC_002_SendAMailAndVerify" time="20.538" classname="testcases.TestSuiteOne"/>
  <testcase name="TC_003_verifyReceivedMail" time="8.839" classname="testcases.TestSuiteOne"/>
  <testcase name="TC_004_DeleteMail" time="16.733" classname="testcases.TestSuiteOne"/>
</testsuite> <!-- Default test -->
