<?xml version="1.0" encoding="UTF-8"?>
<!-- Generated by org.testng.reporters.JUnitXMLReporter -->
<testsuite hostname="SYS141" name="Chrome" tests="4" failures="0" timestamp="4 Nov 2016 06:48:02 GMT" time="89.243" errors="0">
  <testcase name="TC_001_Login" time="22.337" classname="testcases.TestSuiteOne"/>
  <testcase name="TC_002_SendAMailAndVerify" time="24.617" classname="testcases.TestSuiteOne"/>
  <testcase name="TC_003_verifyReceivedMail" time="12.679" classname="testcases.TestSuiteOne"/>
  <testcase name="TC_004_DeleteMail" time="17.803" classname="testcases.TestSuiteOne"/>
</testsuite> <!-- Chrome -->
