<?xml version="1.0" encoding="UTF-8"?>
<!-- Generated by org.testng.reporters.JUnitXMLReporter -->
<testsuite hostname="SYS141" name="InternerExplorer" tests="4" failures="0" timestamp="4 Nov 2016 06:51:54 GMT" time="232.553" errors="0">
  <testcase name="TC_001_Login" time="46.523" classname="testcases.TestSuiteOne"/>
  <testcase name="TC_002_SendAMailAndVerify" time="59.473" classname="testcases.TestSuiteOne"/>
  <testcase name="TC_003_verifyReceivedMail" time="64.939" classname="testcases.TestSuiteOne"/>
  <testcase name="TC_004_DeleteMail" time="50.332" classname="testcases.TestSuiteOne"/>
</testsuite> <!-- InternerExplorer -->
