<?xml version="1.0" encoding="UTF-8"?>
<!-- Generated by org.testng.reporters.JUnitXMLReporter -->
<testsuite hostname="SYS141" name="Test" tests="3" failures="0" timestamp="27 Oct 2016 10:14:09 GMT" time="50.277" errors="0">
  <testcase name="TC_002_SendAMailAndVerify" time="19.044" classname="testcases.TestSuiteOne"/>
  <testcase name="TC_003_verifyReceivedMail" time="8.994" classname="testcases.TestSuiteOne"/>
  <testcase name="TC_004_DeleteMail" time="10.957" classname="testcases.TestSuiteOne"/>
</testsuite> <!-- Test -->
