<?xml version="1.0" encoding="UTF-8"?>
<testng-results skipped="0" failed="0" total="4" passed="4">
  <reporter-output>
  </reporter-output>
  <suite name="Default suite" duration-ms="76802" started-at="2016-11-04T07:16:47Z" finished-at="2016-11-04T07:18:04Z">
    <groups>
    </groups>
    <test name="Default test" duration-ms="76802" started-at="2016-11-04T07:16:47Z" finished-at="2016-11-04T07:18:04Z">
      <class name="testcases.TestSuiteOne">
        <test-method status="PASS" signature="SetUp()[pri:0, instance:testcases.TestSuiteOne@573f2bb1]" name="SetUp" is-config="true" duration-ms="3791" started-at="2016-11-04T12:46:47Z" finished-at="2016-11-04T12:46:51Z">
          <reporter-output>
          </reporter-output>
        </test-method> <!-- SetUp -->
        <test-method status="PASS" signature="initiate()[pri:0, instance:testcases.TestSuiteOne@573f2bb1]" name="initiate" is-config="true" duration-ms="31" started-at="2016-11-04T12:46:51Z" finished-at="2016-11-04T12:46:51Z">
          <reporter-output>
          </reporter-output>
        </test-method> <!-- initiate -->
        <test-method status="PASS" signature="TC_001_Login()[pri:1, instance:testcases.TestSuiteOne@573f2bb1]" name="TC_001_Login" duration-ms="18456" started-at="2016-11-04T12:46:51Z" finished-at="2016-11-04T12:47:09Z">
          <reporter-output>
          </reporter-output>
        </test-method> <!-- TC_001_Login -->
        <test-method status="PASS" signature="TC_002_SendAMailAndVerify()[pri:2, instance:testcases.TestSuiteOne@573f2bb1]" name="TC_002_SendAMailAndVerify" duration-ms="20538" started-at="2016-11-04T12:47:11Z" finished-at="2016-11-04T12:47:32Z">
          <reporter-output>
          </reporter-output>
        </test-method> <!-- TC_002_SendAMailAndVerify -->
        <test-method status="PASS" signature="TC_003_verifyReceivedMail()[pri:3, instance:testcases.TestSuiteOne@573f2bb1]" name="TC_003_verifyReceivedMail" duration-ms="8839" started-at="2016-11-04T12:47:34Z" finished-at="2016-11-04T12:47:43Z">
          <reporter-output>
          </reporter-output>
        </test-method> <!-- TC_003_verifyReceivedMail -->
        <test-method status="PASS" signature="TC_004_DeleteMail()[pri:4, instance:testcases.TestSuiteOne@573f2bb1]" name="TC_004_DeleteMail" duration-ms="16733" started-at="2016-11-04T12:47:45Z" finished-at="2016-11-04T12:48:02Z">
          <reporter-output>
          </reporter-output>
        </test-method> <!-- TC_004_DeleteMail -->
        <test-method status="PASS" signature="quitDriver()[pri:0, instance:testcases.TestSuiteOne@573f2bb1]" name="quitDriver" is-config="true" duration-ms="292" started-at="2016-11-04T12:48:04Z" finished-at="2016-11-04T12:48:04Z">
          <reporter-output>
          </reporter-output>
        </test-method> <!-- quitDriver -->
      </class> <!-- testcases.TestSuiteOne -->
    </test> <!-- Default test -->
  </suite> <!-- Default suite -->
</testng-results>
